0 info it worked if it ends with ok
1 verbose cli [ 'C:\\Program Files\\nodejs\\node.exe',
1 verbose cli   'C:\\Program Files\\nodejs\\node_modules\\npm\\bin\\npm-cli.js',
1 verbose cli   'run',
1 verbose cli   'd' ]
2 info using npm@3.10.10
3 info using node@v7.2.1
4 verbose run-script [ 'pred', 'd', 'postd' ]
5 info lifecycle zhen-dong@0.0.4~pred: zhen-dong@0.0.4
6 silly lifecycle zhen-dong@0.0.4~pred: no script for pred, continuing
7 info lifecycle zhen-dong@0.0.4~d: zhen-dong@0.0.4
8 verbose lifecycle zhen-dong@0.0.4~d: unsafe-perm in lifecycle true
9 verbose lifecycle zhen-dong@0.0.4~d: PATH: C:\Program Files\nodejs\node_modules\npm\bin\node-gyp-bin;C:\Users\greyman\Documents\github-projects\zhen-dong\node_modules\.bin;C:\ProgramData\Oracle\Java\javapath;C:\WINDOWS\system32;C:\WINDOWS;C:\WINDOWS\System32\Wbem;C:\WINDOWS\System32\WindowsPowerShell\v1.0\;C:\Python27;C:\Users\greyman\AppData\Local\Android\sdk\platform-tools;C:\Users\greyman\AppData\Local\Android\sdk\tools;C:\Program Files (x86)\GtkSharp\2.12\bin;C:\Program Files\Git\cmd;C:\Program Files (x86)\Heroku\bin;C:\Program Files (x86)\git\cmd;C:\Program Files (x86)\Git\cmd;C:\Program Files (x86)\Windows Kits\8.1\Windows Performance Toolkit\;C:\WINDOWS\system32\config\systemprofile\.dnx\bin;C:\Program Files\Microsoft DNX\Dnvm\;C:\Program Files\Microsoft SQL Server\130\Tools\Binn\;C:\Python27\Scripts;C:\Program Files\nodejs\;C:\Program Files\MongoDB\Server\3.4\bin;C:\Users\greyman\AppData\Local\Microsoft\WindowsApps;C:\Users\greyman\AppData\Local\atom\bin;C:\Users\greyman\AppData\Roaming\npm
10 verbose lifecycle zhen-dong@0.0.4~d: CWD: C:\Users\greyman\Documents\github-projects\zhen-dong
11 silly lifecycle zhen-dong@0.0.4~d: Args: [ '/d /s /c',
11 silly lifecycle   'webpack --config webpack-config --watch --hide-modules' ]
12 verbose stack Error: kill ENOSYS
12 verbose stack     at exports._errnoException (util.js:1022:11)
12 verbose stack     at process.kill (internal/process.js:173:13)
12 verbose stack     at process.listener (C:\Program Files\nodejs\node_modules\npm\node_modules\npmlog\node_modules\gauge\node_modules\signal-exit\index.js:86:15)
12 verbose stack     at emitNone (events.js:91:20)
12 verbose stack     at process.emit (events.js:185:7)
12 verbose stack     at processEmit (C:\Program Files\nodejs\node_modules\npm\node_modules\npmlog\node_modules\gauge\node_modules\signal-exit\index.js:146:32)
12 verbose stack     at processEmit (C:\Program Files\nodejs\node_modules\npm\node_modules\npm-registry-client\node_modules\npmlog\node_modules\gauge\node_modules\signal-exit\index.js:146:32)
12 verbose stack     at Signal.wrap.onsignal (internal/process.js:200:44)
13 verbose cwd C:\Users\greyman\Documents\github-projects\zhen-dong
14 error Windows_NT 10.0.14393
15 error argv "C:\\Program Files\\nodejs\\node.exe" "C:\\Program Files\\nodejs\\node_modules\\npm\\bin\\npm-cli.js" "run" "d"
16 error node v7.2.1
17 error npm  v3.10.10
18 error code ENOSYS
19 error errno ENOSYS
20 error syscall kill
21 error kill ENOSYS
22 error If you need help, you may report this error at:
22 error     <https://github.com/npm/npm/issues>
23 verbose exit [ 1, true ]
